# JRE version: OpenJDK Runtime Environment (17.0.7) (build 17.0.7+0-b2043.56-10550314)
# Java VM: OpenJDK 64-Bit Server VM (17.0.7+0-b2043.56-10550314, mixed mode, tiered, compressed oops, compressed class ptrs, g1 gc, windows-amd64)
GC Precious Log:
 CPUs: 4 total, 4 available
 Memory: 7991M
 Large Page Support: Disabled
 NUMA Support: Disabled
 Compressed Oops: Enabled (32-bit)
 Heap Region Size: 1M
 Heap Min Capacity: 8M
 Heap Initial Capacity: 126M
 Heap Max Capacity: 2G
 Pre-touch: Disabled
 Parallel Workers: 4
 Concurrent Workers: 1
 Concurrent Refinement Workers: 4
 Periodic GC: Disabled
Heap:
 garbage-first heap   total 307200K, used 127471K [0x0000000080000000, 0x0000000100000000)
  region size 1024K, 3 young (3072K), 3 survivors (3072K)
 Metaspace       used 120125K, committed 120960K, reserved 1179648K
  class space    used 16775K, committed 17216K, reserved 1048576K
GC Heap History (20 events):
Event: 8.829 GC heap after
{Heap after GC invocations=24 (full 0):
 garbage-first heap   total 307200K, used 68300K [0x0000000080000000, 0x0000000100000000)
  region size 1024K, 3 young (3072K), 3 survivors (3072K)
 Metaspace       used 69495K, committed 70080K, reserved 1114112K
  class space    used 9259K, committed 9536K, reserved 1048576K
}
Event: 10.609 GC heap before
{Heap before GC invocations=25 (full 0):
 garbage-first heap   total 242688K, used 200396K [0x0000000080000000, 0x0000000100000000)
  region size 1024K, 130 young (133120K), 3 survivors (3072K)
 Metaspace       used 79835K, committed 80448K, reserved 1179648K
  class space    used 10713K, committed 11008K, reserved 1048576K
}
Event: 10.626 GC heap after
{Heap after GC invocations=26 (full 0):
 garbage-first heap   total 242688K, used 79206K [0x0000000080000000, 0x0000000100000000)
  region size 1024K, 10 young (10240K), 10 survivors (10240K)
 Metaspace       used 79835K, committed 80448K, reserved 1179648K
  class space    used 10713K, committed 11008K, reserved 1048576K
}
Event: 12.251 GC heap before
{Heap before GC invocations=26 (full 0):
 garbage-first heap   total 242688K, used 183654K [0x0000000080000000, 0x0000000100000000)
  region size 1024K, 112 young (114688K), 10 survivors (10240K)
 Metaspace       used 87714K, committed 88320K, reserved 1179648K
  class space    used 12039K, committed 12352K, reserved 1048576K
}
Event: 12.269 GC heap after
{Heap after GC invocations=27 (full 0):
 garbage-first heap   total 242688K, used 84200K [0x0000000080000000, 0x0000000100000000)
  region size 1024K, 12 young (12288K), 12 survivors (12288K)
 Metaspace       used 87714K, committed 88320K, reserved 1179648K
  class space    used 12039K, committed 12352K, reserved 1048576K
}
Event: 14.116 GC heap before
{Heap before GC invocations=27 (full 0):
 garbage-first heap   total 242688K, used 189672K [0x0000000080000000, 0x0000000100000000)
  region size 1024K, 115 young (117760K), 12 survivors (12288K)
 Metaspace       used 96207K, committed 96896K, reserved 1179648K
  class space    used 13262K, committed 13568K, reserved 1048576K
}
Event: 14.144 GC heap after
{Heap after GC invocations=28 (full 0):
 garbage-first heap   total 242688K, used 91218K [0x0000000080000000, 0x0000000100000000)
  region size 1024K, 12 young (12288K), 12 survivors (12288K)
 Metaspace       used 96207K, committed 96896K, reserved 1179648K
  class space    used 13262K, committed 13568K, reserved 1048576K
}
Event: 15.507 GC heap before
{Heap before GC invocations=28 (full 0):
 garbage-first heap   total 242688K, used 191570K [0x0000000080000000, 0x0000000100000000)
  region size 1024K, 111 young (113664K), 12 survivors (12288K)
 Metaspace       used 98573K, committed 99264K, reserved 1179648K
  class space    used 13654K, committed 13952K, reserved 1048576K
}
Event: 15.549 GC heap after
{Heap after GC invocations=29 (full 0):
 garbage-first heap   total 242688K, used 102637K [0x0000000080000000, 0x0000000100000000)
  region size 1024K, 14 young (14336K), 14 survivors (14336K)
 Metaspace       used 98573K, committed 99264K, reserved 1179648K
  class space    used 13654K, committed 13952K, reserved 1048576K
}
Event: 16.817 GC heap before
{Heap before GC invocations=29 (full 0):
 garbage-first heap   total 242688K, used 190701K [0x0000000080000000, 0x0000000100000000)
  region size 1024K, 101 young (103424K), 14 survivors (14336K)
 Metaspace       used 100968K, committed 101696K, reserved 1179648K
  class space    used 13944K, committed 14272K, reserved 1048576K
}
Event: 16.858 GC heap after
{Heap after GC invocations=30 (full 0):
 garbage-first heap   total 242688K, used 110565K [0x0000000080000000, 0x0000000100000000)
  region size 1024K, 7 young (7168K), 7 survivors (7168K)
 Metaspace       used 100968K, committed 101696K, reserved 1179648K
  class space    used 13944K, committed 14272K, reserved 1048576K
}
Event: 29.624 GC heap before
{Heap before GC invocations=30 (full 0):
 garbage-first heap   total 242688K, used 193509K [0x0000000080000000, 0x0000000100000000)
  region size 1024K, 89 young (91136K), 7 survivors (7168K)
 Metaspace       used 104455K, committed 105280K, reserved 1179648K
  class space    used 14407K, committed 14784K, reserved 1048576K
}
Event: 29.642 GC heap after
{Heap after GC invocations=31 (full 0):
 garbage-first heap   total 242688K, used 116757K [0x0000000080000000, 0x0000000100000000)
  region size 1024K, 6 young (6144K), 6 survivors (6144K)
 Metaspace       used 104455K, committed 105280K, reserved 1179648K
  class space    used 14407K, committed 14784K, reserved 1048576K
}
Event: 29.650 GC heap before
{Heap before GC invocations=31 (full 0):
 garbage-first heap   total 242688K, used 116757K [0x0000000080000000, 0x0000000100000000)
  region size 1024K, 8 young (8192K), 6 survivors (6144K)
 Metaspace       used 104501K, committed 105280K, reserved 1179648K
  class space    used 14411K, committed 14784K, reserved 1048576K
}
Event: 29.660 GC heap after
{Heap after GC invocations=32 (full 0):
 garbage-first heap   total 242688K, used 116973K [0x0000000080000000, 0x0000000100000000)
  region size 1024K, 6 young (6144K), 6 survivors (6144K)
 Metaspace       used 104501K, committed 105280K, reserved 1179648K
  class space    used 14411K, committed 14784K, reserved 1048576K
}
Event: 30.831 GC heap before
{Heap before GC invocations=33 (full 0):
 garbage-first heap   total 242688K, used 206061K [0x0000000080000000, 0x0000000100000000)
  region size 1024K, 87 young (89088K), 6 survivors (6144K)
 Metaspace       used 113173K, committed 113984K, reserved 1179648K
  class space    used 15578K, committed 16000K, reserved 1048576K
}
Event: 30.858 GC heap after
{Heap after GC invocations=34 (full 0):
 garbage-first heap   total 242688K, used 124963K [0x0000000080000000, 0x0000000100000000)
  region size 1024K, 11 young (11264K), 11 survivors (11264K)
 Metaspace       used 113173K, committed 113984K, reserved 1179648K
  class space    used 15578K, committed 16000K, reserved 1048576K
}
Event: 30.865 GC heap before
{Heap before GC invocations=34 (full 0):
 garbage-first heap   total 242688K, used 125987K [0x0000000080000000, 0x0000000100000000)
  region size 1024K, 12 young (12288K), 11 survivors (11264K)
 Metaspace       used 113276K, committed 114176K, reserved 1179648K
  class space    used 15608K, committed 16064K, reserved 1048576K
}
Event: 30.885 GC heap after
{Heap after GC invocations=35 (full 0):
 garbage-first heap   total 242688K, used 126433K [0x0000000080000000, 0x0000000100000000)
  region size 1024K, 2 young (2048K), 2 survivors (2048K)
 Metaspace       used 113276K, committed 114176K, reserved 1179648K
  class space    used 15608K, committed 16064K, reserved 1048576K
}
Event: 31.959 GC heap before
{Heap before GC invocations=35 (full 0):
 garbage-first heap   total 242688K, used 198113K [0x0000000080000000, 0x0000000100000000)
  region size 1024K, 73 young (74752K), 2 survivors (2048K)
 Metaspace       used 120125K, committed 120960K, reserved 1179648K
  class space    used 16775K, committed 17216K, reserved 1048576K
}

